2024-09-11 11:41:47.199 [info] Extension host with pid 150909 started
2024-09-11 11:41:47.393 [info] ExtensionService#_doActivateExtension vscode.git-base, startup: true, activationEvent: '*', root cause: vscode.git
2024-09-11 11:41:47.526 [info] ExtensionService#_doActivateExtension vscode.git, startup: true, activationEvent: '*'
2024-09-11 11:41:47.628 [info] ExtensionService#_doActivateExtension vscode.github, startup: true, activationEvent: '*'
2024-09-11 11:41:47.784 [info] Eager extensions activated
2024-09-11 11:41:47.926 [info] ExtensionService#_doActivateExtension vscode.debug-auto-launch, startup: false, activationEvent: 'onStartupFinished'
2024-09-11 11:41:47.929 [info] ExtensionService#_doActivateExtension vscode.merge-conflict, startup: false, activationEvent: 'onStartupFinished'
2024-09-11 11:41:54.907 [info] Extension host terminating: renderer closed the MessagePort
2024-09-11 11:41:54.921 [info] Extension host with pid 150909 exiting with code 0
2024-09-11 11:41:56.218 [info] Extension host with pid 151001 started
2024-09-11 11:41:56.218 [info] Skipping acquiring lock for /var/www/html/InventoryProject/User/workspaceStorage/245cfb84e202c1fe3035aec9b416ab3e.
2024-09-11 11:41:56.255 [info] ExtensionService#_doActivateExtension vscode.git-base, startup: true, activationEvent: '*'
2024-09-11 11:41:56.264 [info] ExtensionService#_doActivateExtension vscode.npm, startup: true, activationEvent: 'workspaceContains:package.json'
2024-09-11 11:41:56.322 [info] ExtensionService#_doActivateExtension vscode.github, startup: true, activationEvent: '*'
2024-09-11 11:41:56.400 [info] Eager extensions activated
2024-09-11 11:41:56.410 [info] ExtensionService#_doActivateExtension vscode.debug-auto-launch, startup: false, activationEvent: 'onStartupFinished'
2024-09-11 11:41:56.414 [info] ExtensionService#_doActivateExtension vscode.merge-conflict, startup: false, activationEvent: 'onStartupFinished'
2024-09-11 11:41:59.628 [info] ExtensionService#_doActivateExtension vscode.git, startup: false, activationEvent: 'api', root cause: vscode.github
2024-09-11 11:41:59.900 [info] ExtensionService#_doActivateExtension vscode.emmet, startup: false, activationEvent: 'onLanguage'
2024-09-11 11:42:00.110 [warning] [Decorations] CAPPING events from decorations provider vscode.git 9827
2024-09-11 11:42:00.972 [info] ExtensionService#_doActivateExtension vscode.github-authentication, startup: false, activationEvent: 'onAuthenticationRequest:github'
2024-09-11 11:42:01.293 [warning] [Decorations] CAPPING events from decorations provider vscode.git 9835
2024-09-11 11:42:02.263 [info] ExtensionService#_doActivateExtension vscode.configuration-editing, startup: false, activationEvent: 'onLanguage:json'
2024-09-11 11:42:02.278 [info] ExtensionService#_doActivateExtension vscode.extension-editing, startup: false, activationEvent: 'onLanguage:json'
2024-09-11 11:42:02.294 [info] ExtensionService#_doActivateExtension vscode.json-language-features, startup: false, activationEvent: 'onLanguage:json'
2024-09-11 11:42:06.603 [info] ExtensionService#_doActivateExtension vscode.php-language-features, startup: false, activationEvent: 'onLanguage:php'
2024-09-11 11:42:06.636 [info] ExtensionService#_doActivateExtension bmewburn.vscode-intelephense-client, startup: false, activationEvent: 'onLanguage:php'
2024-09-11 11:42:13.138 [warning] [Decorations] CAPPING events from decorations provider vscode.git 9921
2024-09-11 11:42:18.414 [warning] [Decorations] CAPPING events from decorations provider vscode.git 9923
2024-09-11 11:42:23.636 [warning] [Decorations] CAPPING events from decorations provider vscode.git 9931
2024-09-11 11:42:28.846 [warning] [Decorations] CAPPING events from decorations provider vscode.git 9931
2024-09-11 11:42:34.067 [warning] [Decorations] CAPPING events from decorations provider vscode.git 9931
2024-09-11 11:42:39.291 [warning] [Decorations] CAPPING events from decorations provider vscode.git 9931
2024-09-11 11:42:44.519 [warning] [Decorations] CAPPING events from decorations provider vscode.git 9931
2024-09-11 11:42:49.736 [warning] [Decorations] CAPPING events from decorations provider vscode.git 9931
2024-09-11 11:42:54.954 [warning] [Decorations] CAPPING events from decorations provider vscode.git 9931
2024-09-11 11:43:00.175 [warning] [Decorations] CAPPING events from decorations provider vscode.git 9931
2024-09-11 11:43:05.397 [warning] [Decorations] CAPPING events from decorations provider vscode.git 9931
2024-09-11 11:43:10.617 [warning] [Decorations] CAPPING events from decorations provider vscode.git 9931
2024-09-11 11:43:15.833 [warning] [Decorations] CAPPING events from decorations provider vscode.git 9931
2024-09-11 11:43:21.045 [warning] [Decorations] CAPPING events from decorations provider vscode.git 9931
2024-09-11 11:43:26.268 [warning] [Decorations] CAPPING events from decorations provider vscode.git 9931
2024-09-11 11:43:31.490 [warning] [Decorations] CAPPING events from decorations provider vscode.git 9931
2024-09-11 11:43:36.714 [warning] [Decorations] CAPPING events from decorations provider vscode.git 9931
2024-09-11 11:43:41.930 [warning] [Decorations] CAPPING events from decorations provider vscode.git 9931
2024-09-11 11:43:47.152 [warning] [Decorations] CAPPING events from decorations provider vscode.git 9932
2024-09-11 11:43:52.372 [warning] [Decorations] CAPPING events from decorations provider vscode.git 9932
2024-09-11 11:43:57.577 [warning] [Decorations] CAPPING events from decorations provider vscode.git 9932
2024-09-11 11:44:02.784 [warning] [Decorations] CAPPING events from decorations provider vscode.git 9932
2024-09-11 11:44:07.985 [warning] [Decorations] CAPPING events from decorations provider vscode.git 9932
2024-09-11 11:44:13.198 [warning] [Decorations] CAPPING events from decorations provider vscode.git 9932
2024-09-11 11:44:18.418 [warning] [Decorations] CAPPING events from decorations provider vscode.git 9932
2024-09-11 11:44:23.617 [warning] [Decorations] CAPPING events from decorations provider vscode.git 9932
2024-09-11 11:44:28.807 [warning] [Decorations] CAPPING events from decorations provider vscode.git 9932
2024-09-11 11:45:26.695 [warning] [Decorations] CAPPING events from decorations provider vscode.git 9932
2024-09-11 11:45:31.926 [warning] [Decorations] CAPPING events from decorations provider vscode.git 9933
2024-09-11 11:45:37.154 [warning] [Decorations] CAPPING events from decorations provider vscode.git 9933
2024-09-11 11:45:42.377 [warning] [Decorations] CAPPING events from decorations provider vscode.git 9933
2024-09-11 11:45:47.597 [warning] [Decorations] CAPPING events from decorations provider vscode.git 9933
2024-09-11 11:45:52.818 [warning] [Decorations] CAPPING events from decorations provider vscode.git 9933
2024-09-11 11:45:58.040 [warning] [Decorations] CAPPING events from decorations provider vscode.git 9933
2024-09-11 11:46:03.273 [warning] [Decorations] CAPPING events from decorations provider vscode.git 9934
2024-09-11 11:46:08.498 [warning] [Decorations] CAPPING events from decorations provider vscode.git 9935
2024-09-11 11:46:13.714 [warning] [Decorations] CAPPING events from decorations provider vscode.git 9935
2024-09-11 11:46:18.944 [warning] [Decorations] CAPPING events from decorations provider vscode.git 9936
2024-09-11 11:46:24.506 [warning] [Decorations] CAPPING events from decorations provider vscode.git 9936
2024-09-11 11:46:29.730 [warning] [Decorations] CAPPING events from decorations provider vscode.git 9937
2024-09-11 11:46:34.947 [warning] [Decorations] CAPPING events from decorations provider vscode.git 9937
2024-09-11 11:46:40.175 [warning] [Decorations] CAPPING events from decorations provider vscode.git 9937
2024-09-11 11:46:45.366 [warning] [Decorations] CAPPING events from decorations provider vscode.git 9937
2024-09-11 11:47:53.958 [warning] [Decorations] CAPPING events from decorations provider vscode.git 9937
2024-09-11 11:47:59.189 [warning] [Decorations] CAPPING events from decorations provider vscode.git 9938
2024-09-11 11:48:04.421 [warning] [Decorations] CAPPING events from decorations provider vscode.git 9938
2024-09-11 11:48:09.642 [warning] [Decorations] CAPPING events from decorations provider vscode.git 9938
2024-09-11 11:48:21.564 [warning] [Decorations] CAPPING events from decorations provider vscode.git 9938
2024-09-11 11:48:26.778 [warning] [Decorations] CAPPING events from decorations provider vscode.git 9938
2024-09-11 11:48:31.993 [warning] [Decorations] CAPPING events from decorations provider vscode.git 9939
2024-09-11 11:48:37.226 [warning] [Decorations] CAPPING events from decorations provider vscode.git 9939
2024-09-11 11:48:42.471 [warning] [Decorations] CAPPING events from decorations provider vscode.git 9939
2024-09-11 11:48:49.873 [warning] [Decorations] CAPPING events from decorations provider vscode.git 9940
2024-09-11 11:50:35.567 [warning] [Decorations] CAPPING events from decorations provider vscode.git 9946
2024-09-11 11:50:40.830 [warning] [Decorations] CAPPING events from decorations provider vscode.git 9946
2024-09-11 11:50:50.129 [warning] [Decorations] CAPPING events from decorations provider vscode.git 9947
2024-09-11 11:50:55.338 [warning] [Decorations] CAPPING events from decorations provider vscode.git 9947
2024-09-11 11:51:00.570 [warning] [Decorations] CAPPING events from decorations provider vscode.git 9947
2024-09-11 11:51:05.795 [warning] [Decorations] CAPPING events from decorations provider vscode.git 9947
2024-09-11 11:51:11.009 [warning] [Decorations] CAPPING events from decorations provider vscode.git 9947
2024-09-11 11:51:16.251 [warning] [Decorations] CAPPING events from decorations provider vscode.git 9947
2024-09-11 11:51:50.663 [warning] [Decorations] CAPPING events from decorations provider vscode.git 9947
2024-09-11 11:51:55.876 [warning] [Decorations] CAPPING events from decorations provider vscode.git 9947
2024-09-11 11:52:01.105 [warning] [Decorations] CAPPING events from decorations provider vscode.git 9948
2024-09-11 11:52:06.315 [warning] [Decorations] CAPPING events from decorations provider vscode.git 9948
2024-09-11 11:52:11.535 [warning] [Decorations] CAPPING events from decorations provider vscode.git 9948
2024-09-11 11:52:16.768 [warning] [Decorations] CAPPING events from decorations provider vscode.git 9948
2024-09-11 11:52:21.974 [warning] [Decorations] CAPPING events from decorations provider vscode.git 9948
2024-09-11 11:52:27.190 [warning] [Decorations] CAPPING events from decorations provider vscode.git 9948
2024-09-11 11:52:32.407 [warning] [Decorations] CAPPING events from decorations provider vscode.git 9948
2024-09-11 11:52:37.630 [warning] [Decorations] CAPPING events from decorations provider vscode.git 9948
2024-09-11 11:52:42.847 [warning] [Decorations] CAPPING events from decorations provider vscode.git 9948
2024-09-11 11:52:48.057 [warning] [Decorations] CAPPING events from decorations provider vscode.git 9948
2024-09-11 11:52:53.265 [warning] [Decorations] CAPPING events from decorations provider vscode.git 9948
2024-09-11 11:52:58.471 [warning] [Decorations] CAPPING events from decorations provider vscode.git 9948
2024-09-11 11:53:03.690 [warning] [Decorations] CAPPING events from decorations provider vscode.git 9948
2024-09-11 11:53:08.909 [warning] [Decorations] CAPPING events from decorations provider vscode.git 9948
2024-09-11 11:53:14.134 [warning] [Decorations] CAPPING events from decorations provider vscode.git 9948
2024-09-11 11:53:19.358 [warning] [Decorations] CAPPING events from decorations provider vscode.git 9948
2024-09-11 11:53:24.573 [warning] [Decorations] CAPPING events from decorations provider vscode.git 9948
2024-09-11 11:53:29.781 [warning] [Decorations] CAPPING events from decorations provider vscode.git 9948
2024-09-11 11:53:34.994 [warning] [Decorations] CAPPING events from decorations provider vscode.git 9948
2024-09-11 11:53:40.204 [warning] [Decorations] CAPPING events from decorations provider vscode.git 9948
2024-09-11 11:53:45.427 [warning] [Decorations] CAPPING events from decorations provider vscode.git 9948
2024-09-11 11:53:50.656 [warning] [Decorations] CAPPING events from decorations provider vscode.git 9948
2024-09-11 11:53:55.876 [warning] [Decorations] CAPPING events from decorations provider vscode.git 9948
2024-09-11 11:54:01.099 [warning] [Decorations] CAPPING events from decorations provider vscode.git 9948
2024-09-11 11:54:06.327 [warning] [Decorations] CAPPING events from decorations provider vscode.git 9948
2024-09-11 11:54:11.551 [warning] [Decorations] CAPPING events from decorations provider vscode.git 9948
2024-09-11 11:54:16.770 [warning] [Decorations] CAPPING events from decorations provider vscode.git 9948
2024-09-11 11:54:21.991 [warning] [Decorations] CAPPING events from decorations provider vscode.git 9948
2024-09-11 11:54:27.218 [warning] [Decorations] CAPPING events from decorations provider vscode.git 9948
2024-09-11 11:54:32.447 [warning] [Decorations] CAPPING events from decorations provider vscode.git 9948
2024-09-11 11:54:37.673 [warning] [Decorations] CAPPING events from decorations provider vscode.git 9948
2024-09-11 11:54:42.900 [warning] [Decorations] CAPPING events from decorations provider vscode.git 9949
2024-09-11 11:54:54.469 [warning] [Decorations] CAPPING events from decorations provider vscode.git 9949
2024-09-11 11:54:59.701 [warning] [Decorations] CAPPING events from decorations provider vscode.git 9949
2024-09-11 11:55:04.933 [warning] [Decorations] CAPPING events from decorations provider vscode.git 9949
2024-09-11 11:55:10.143 [warning] [Decorations] CAPPING events from decorations provider vscode.git 9949
2024-09-11 12:21:33.402 [warning] [Decorations] CAPPING events from decorations provider vscode.git 9950
2024-09-11 12:21:38.629 [warning] [Decorations] CAPPING events from decorations provider vscode.git 9950
2024-09-11 12:21:39.960 [info] ExtensionService#_doActivateExtension vscode.markdown-language-features, startup: false, activationEvent: 'onLanguage:markdown'
2024-09-11 12:21:40.608 [info] ExtensionService#_doActivateExtension vscode.markdown-math, startup: false, activationEvent: 'api', root cause: vscode.markdown-language-features
2024-09-11 12:21:43.861 [warning] [Decorations] CAPPING events from decorations provider vscode.git 9950
2024-09-11 12:21:49.080 [warning] [Decorations] CAPPING events from decorations provider vscode.git 9950
2024-09-11 12:21:54.305 [warning] [Decorations] CAPPING events from decorations provider vscode.git 9953
2024-09-11 12:21:59.528 [warning] [Decorations] CAPPING events from decorations provider vscode.git 9953
2024-09-11 12:22:04.760 [warning] [Decorations] CAPPING events from decorations provider vscode.git 9953
2024-09-11 12:22:09.981 [warning] [Decorations] CAPPING events from decorations provider vscode.git 9953
2024-09-11 12:22:15.186 [warning] [Decorations] CAPPING events from decorations provider vscode.git 9953
2024-09-11 12:22:20.408 [warning] [Decorations] CAPPING events from decorations provider vscode.git 9953
2024-09-11 12:22:25.629 [warning] [Decorations] CAPPING events from decorations provider vscode.git 9953
2024-09-11 12:22:30.856 [warning] [Decorations] CAPPING events from decorations provider vscode.git 9953
2024-09-11 12:22:36.079 [warning] [Decorations] CAPPING events from decorations provider vscode.git 9953
2024-09-11 12:22:41.305 [warning] [Decorations] CAPPING events from decorations provider vscode.git 9953
2024-09-11 12:22:46.520 [warning] [Decorations] CAPPING events from decorations provider vscode.git 9953
2024-09-11 12:22:51.743 [warning] [Decorations] CAPPING events from decorations provider vscode.git 9953
2024-09-11 12:22:56.962 [warning] [Decorations] CAPPING events from decorations provider vscode.git 9953
2024-09-11 12:23:02.188 [warning] [Decorations] CAPPING events from decorations provider vscode.git 9953
2024-09-11 12:23:07.388 [warning] [Decorations] CAPPING events from decorations provider vscode.git 9953
2024-09-11 12:23:12.619 [warning] [Decorations] CAPPING events from decorations provider vscode.git 9953
2024-09-11 12:23:17.840 [warning] [Decorations] CAPPING events from decorations provider vscode.git 9953
2024-09-11 12:23:23.045 [warning] [Decorations] CAPPING events from decorations provider vscode.git 9953
2024-09-11 12:23:28.276 [warning] [Decorations] CAPPING events from decorations provider vscode.git 9953
2024-09-11 12:23:33.501 [warning] [Decorations] CAPPING events from decorations provider vscode.git 9953
2024-09-11 12:23:38.728 [warning] [Decorations] CAPPING events from decorations provider vscode.git 9953
2024-09-11 12:23:43.961 [warning] [Decorations] CAPPING events from decorations provider vscode.git 9953
2024-09-11 12:23:49.184 [warning] [Decorations] CAPPING events from decorations provider vscode.git 9953
2024-09-11 12:23:54.412 [warning] [Decorations] CAPPING events from decorations provider vscode.git 9953
2024-09-11 12:24:04.950 [warning] [Decorations] CAPPING events from decorations provider vscode.git 9953
2024-09-11 12:24:15.060 [warning] [Decorations] CAPPING events from decorations provider vscode.git 9954
2024-09-11 12:24:20.286 [warning] [Decorations] CAPPING events from decorations provider vscode.git 9953
2024-09-11 12:24:29.426 [warning] [Decorations] CAPPING events from decorations provider vscode.git 9954
2024-09-11 12:24:35.404 [warning] [Decorations] CAPPING events from decorations provider vscode.git 9954
2024-09-11 12:24:40.625 [warning] [Decorations] CAPPING events from decorations provider vscode.git 9955
2024-09-11 12:24:45.845 [warning] [Decorations] CAPPING events from decorations provider vscode.git 9954
2024-09-11 12:24:51.059 [warning] [Decorations] CAPPING events from decorations provider vscode.git 9954
2024-09-11 12:24:56.285 [warning] [Decorations] CAPPING events from decorations provider vscode.git 9954
2024-09-11 12:28:32.202 [warning] [Decorations] CAPPING events from decorations provider vscode.git 9954
2024-09-11 12:28:37.449 [warning] [Decorations] CAPPING events from decorations provider vscode.git 9954
2024-09-11 12:28:42.660 [warning] [Decorations] CAPPING events from decorations provider vscode.git 9954
2024-09-11 12:28:47.866 [warning] [Decorations] CAPPING events from decorations provider vscode.git 9954
2024-09-11 12:28:53.091 [warning] [Decorations] CAPPING events from decorations provider vscode.git 9954
2024-09-11 12:28:58.316 [warning] [Decorations] CAPPING events from decorations provider vscode.git 9954
2024-09-11 12:29:03.530 [warning] [Decorations] CAPPING events from decorations provider vscode.git 9954
2024-09-11 12:29:08.745 [warning] [Decorations] CAPPING events from decorations provider vscode.git 9954
2024-09-11 12:34:00.804 [warning] [Decorations] CAPPING events from decorations provider vscode.git 9955
2024-09-11 12:34:24.861 [warning] [Decorations] CAPPING events from decorations provider vscode.git 9955
2024-09-11 12:34:30.092 [warning] [Decorations] CAPPING events from decorations provider vscode.git 9955
2024-09-11 12:34:35.315 [warning] [Decorations] CAPPING events from decorations provider vscode.git 9956
2024-09-11 12:34:40.522 [warning] [Decorations] CAPPING events from decorations provider vscode.git 9956
2024-09-11 12:38:08.181 [warning] [Decorations] CAPPING events from decorations provider vscode.git 9956
2024-09-11 12:38:13.457 [warning] [Decorations] CAPPING events from decorations provider vscode.git 9956
2024-09-11 12:38:21.776 [warning] [Decorations] CAPPING events from decorations provider vscode.git 9956
2024-09-11 12:38:42.211 [warning] [Decorations] CAPPING events from decorations provider vscode.git 9956
2024-09-11 12:38:53.524 [warning] [Decorations] CAPPING events from decorations provider vscode.git 9956
2024-09-11 12:39:07.974 [warning] [Decorations] CAPPING events from decorations provider vscode.git 9956
2024-09-11 12:40:24.558 [warning] [Decorations] CAPPING events from decorations provider vscode.git 9957
2024-09-11 12:40:29.787 [warning] [Decorations] CAPPING events from decorations provider vscode.git 9957
2024-09-11 12:40:35.010 [warning] [Decorations] CAPPING events from decorations provider vscode.git 9957
2024-09-11 12:40:40.264 [warning] [Decorations] CAPPING events from decorations provider vscode.git 9957
2024-09-11 12:40:45.507 [warning] [Decorations] CAPPING events from decorations provider vscode.git 9957
2024-09-11 12:40:50.755 [warning] [Decorations] CAPPING events from decorations provider vscode.git 9958
2024-09-11 12:40:55.977 [warning] [Decorations] CAPPING events from decorations provider vscode.git 9958
2024-09-11 12:41:01.200 [warning] [Decorations] CAPPING events from decorations provider vscode.git 9958
2024-09-11 12:41:06.422 [warning] [Decorations] CAPPING events from decorations provider vscode.git 9958
2024-09-11 12:41:13.100 [warning] [Decorations] CAPPING events from decorations provider vscode.git 9958
2024-09-11 12:41:18.338 [warning] [Decorations] CAPPING events from decorations provider vscode.git 9958
2024-09-11 12:41:23.579 [warning] [Decorations] CAPPING events from decorations provider vscode.git 9958
2024-09-11 12:41:28.823 [warning] [Decorations] CAPPING events from decorations provider vscode.git 9958
2024-09-11 12:41:34.035 [warning] [Decorations] CAPPING events from decorations provider vscode.git 9959
2024-09-11 12:41:39.220 [warning] [Decorations] CAPPING events from decorations provider vscode.git 9959
2024-09-11 12:41:44.440 [warning] [Decorations] CAPPING events from decorations provider vscode.git 9959
2024-09-11 12:42:43.596 [warning] [Decorations] CAPPING events from decorations provider vscode.git 9959
2024-09-11 12:42:48.841 [warning] [Decorations] CAPPING events from decorations provider vscode.git 9959
2024-09-11 12:43:08.295 [warning] [Decorations] CAPPING events from decorations provider vscode.git 9959
2024-09-11 12:43:24.160 [warning] [Decorations] CAPPING events from decorations provider vscode.git 9959
2024-09-11 12:43:29.407 [warning] [Decorations] CAPPING events from decorations provider vscode.git 9959
2024-09-11 12:43:34.660 [warning] [Decorations] CAPPING events from decorations provider vscode.git 9959
2024-09-11 12:43:39.908 [warning] [Decorations] CAPPING events from decorations provider vscode.git 9959
2024-09-11 12:44:34.838 [warning] [Decorations] CAPPING events from decorations provider vscode.git 9959
2024-09-11 12:44:43.613 [warning] [Decorations] CAPPING events from decorations provider vscode.git 9959
2024-09-11 12:44:52.174 [warning] [Decorations] CAPPING events from decorations provider vscode.git 9959
2024-09-11 12:45:00.979 [warning] [Decorations] CAPPING events from decorations provider vscode.git 9959
2024-09-11 12:45:11.916 [warning] [Decorations] CAPPING events from decorations provider vscode.git 9959
2024-09-11 12:45:17.131 [warning] [Decorations] CAPPING events from decorations provider vscode.git 9959
2024-09-11 12:45:22.350 [warning] [Decorations] CAPPING events from decorations provider vscode.git 9959
2024-09-11 12:45:27.582 [warning] [Decorations] CAPPING events from decorations provider vscode.git 9959
2024-09-11 12:45:32.806 [warning] [Decorations] CAPPING events from decorations provider vscode.git 9959
2024-09-11 12:45:38.036 [warning] [Decorations] CAPPING events from decorations provider vscode.git 9959
2024-09-11 12:45:43.254 [warning] [Decorations] CAPPING events from decorations provider vscode.git 9959
2024-09-11 12:45:48.464 [warning] [Decorations] CAPPING events from decorations provider vscode.git 9959
2024-09-11 12:45:53.688 [warning] [Decorations] CAPPING events from decorations provider vscode.git 9959
2024-09-11 12:45:58.896 [warning] [Decorations] CAPPING events from decorations provider vscode.git 9959
2024-09-11 12:46:04.121 [warning] [Decorations] CAPPING events from decorations provider vscode.git 9959
2024-09-11 12:46:28.332 [warning] [Decorations] CAPPING events from decorations provider vscode.git 9959
2024-09-11 12:46:52.587 [warning] [Decorations] CAPPING events from decorations provider vscode.git 9959
2024-09-11 12:46:57.811 [warning] [Decorations] CAPPING events from decorations provider vscode.git 9959
2024-09-11 12:47:06.497 [warning] [Decorations] CAPPING events from decorations provider vscode.git 9959
2024-09-11 12:47:11.749 [warning] [Decorations] CAPPING events from decorations provider vscode.git 9959
2024-09-11 12:48:51.617 [warning] [Decorations] CAPPING events from decorations provider vscode.git 9959
2024-09-11 12:48:56.854 [warning] [Decorations] CAPPING events from decorations provider vscode.git 9960
2024-09-11 12:49:05.319 [warning] [Decorations] CAPPING events from decorations provider vscode.git 9960
2024-09-11 12:49:11.070 [warning] [Decorations] CAPPING events from decorations provider vscode.git 9960
2024-09-11 12:50:13.828 [warning] [Decorations] CAPPING events from decorations provider vscode.git 9961
2024-09-11 12:50:19.048 [warning] [Decorations] CAPPING events from decorations provider vscode.git 9962
2024-09-11 12:51:34.959 [warning] [Decorations] CAPPING events from decorations provider vscode.git 9962
2024-09-11 12:52:18.542 [warning] [Decorations] CAPPING events from decorations provider vscode.git 9963
2024-09-11 12:52:23.795 [warning] [Decorations] CAPPING events from decorations provider vscode.git 9964
2024-09-11 12:52:29.026 [warning] [Decorations] CAPPING events from decorations provider vscode.git 9964
2024-09-11 12:52:40.978 [warning] [Decorations] CAPPING events from decorations provider vscode.git 9964
2024-09-11 12:56:38.020 [warning] [Decorations] CAPPING events from decorations provider vscode.git 9965
2024-09-11 12:56:43.276 [warning] [Decorations] CAPPING events from decorations provider vscode.git 9965
2024-09-11 12:56:49.615 [warning] [Decorations] CAPPING events from decorations provider vscode.git 9965
2024-09-11 12:56:54.812 [warning] [Decorations] CAPPING events from decorations provider vscode.git 9965
2024-09-11 12:57:00.048 [warning] [Decorations] CAPPING events from decorations provider vscode.git 9966
2024-09-11 12:57:05.265 [warning] [Decorations] CAPPING events from decorations provider vscode.git 9966
2024-09-11 12:57:11.011 [warning] [Decorations] CAPPING events from decorations provider vscode.git 9966
2024-09-11 12:57:16.245 [warning] [Decorations] CAPPING events from decorations provider vscode.git 9966
2024-09-11 12:58:28.965 [warning] [Decorations] CAPPING events from decorations provider vscode.git 9967
2024-09-11 12:58:34.222 [warning] [Decorations] CAPPING events from decorations provider vscode.git 9969
2024-09-11 12:58:39.460 [warning] [Decorations] CAPPING events from decorations provider vscode.git 9969
2024-09-11 12:59:02.665 [warning] [Decorations] CAPPING events from decorations provider vscode.git 9968
2024-09-11 12:59:07.952 [warning] [Decorations] CAPPING events from decorations provider vscode.git 9968
2024-09-11 12:59:13.179 [warning] [Decorations] CAPPING events from decorations provider vscode.git 9968
2024-09-11 12:59:18.395 [warning] [Decorations] CAPPING events from decorations provider vscode.git 9968
2024-09-11 12:59:23.624 [warning] [Decorations] CAPPING events from decorations provider vscode.git 9968
2024-09-11 12:59:30.154 [warning] [Decorations] CAPPING events from decorations provider vscode.git 9968
2024-09-11 12:59:35.437 [warning] [Decorations] CAPPING events from decorations provider vscode.git 9969
2024-09-11 12:59:40.667 [warning] [Decorations] CAPPING events from decorations provider vscode.git 9969
2024-09-11 12:59:45.893 [warning] [Decorations] CAPPING events from decorations provider vscode.git 9969
2024-09-11 12:59:51.122 [warning] [Decorations] CAPPING events from decorations provider vscode.git 9969
2024-09-11 12:59:56.362 [warning] [Decorations] CAPPING events from decorations provider vscode.git 9969
2024-09-11 13:00:01.601 [warning] [Decorations] CAPPING events from decorations provider vscode.git 9969
2024-09-11 13:00:06.819 [warning] [Decorations] CAPPING events from decorations provider vscode.git 9970
2024-09-11 13:00:12.056 [warning] [Decorations] CAPPING events from decorations provider vscode.git 9970
2024-09-11 13:00:17.253 [warning] [Decorations] CAPPING events from decorations provider vscode.git 9970
2024-09-11 13:00:22.498 [warning] [Decorations] CAPPING events from decorations provider vscode.git 9970
2024-09-11 13:00:47.107 [warning] [Decorations] CAPPING events from decorations provider vscode.git 9970
2024-09-11 13:00:52.342 [warning] [Decorations] CAPPING events from decorations provider vscode.git 9970
2024-09-11 13:00:57.573 [warning] [Decorations] CAPPING events from decorations provider vscode.git 9970
2024-09-11 13:01:02.799 [warning] [Decorations] CAPPING events from decorations provider vscode.git 9970
2024-09-11 13:01:08.031 [warning] [Decorations] CAPPING events from decorations provider vscode.git 9970
2024-09-11 13:01:13.230 [warning] [Decorations] CAPPING events from decorations provider vscode.git 9970
2024-09-11 13:01:18.444 [warning] [Decorations] CAPPING events from decorations provider vscode.git 9970
2024-09-11 13:01:23.677 [warning] [Decorations] CAPPING events from decorations provider vscode.git 9970
2024-09-11 13:01:28.902 [warning] [Decorations] CAPPING events from decorations provider vscode.git 9970
2024-09-11 13:01:34.131 [warning] [Decorations] CAPPING events from decorations provider vscode.git 9970
2024-09-11 13:01:39.360 [warning] [Decorations] CAPPING events from decorations provider vscode.git 9970
2024-09-11 13:01:44.583 [warning] [Decorations] CAPPING events from decorations provider vscode.git 9970
2024-09-11 13:01:49.806 [warning] [Decorations] CAPPING events from decorations provider vscode.git 9970
2024-09-11 13:01:55.018 [warning] [Decorations] CAPPING events from decorations provider vscode.git 9970
2024-09-11 13:02:00.247 [warning] [Decorations] CAPPING events from decorations provider vscode.git 9972
2024-09-11 13:02:05.474 [warning] [Decorations] CAPPING events from decorations provider vscode.git 9972
2024-09-11 13:02:10.692 [warning] [Decorations] CAPPING events from decorations provider vscode.git 9972
2024-09-11 13:02:15.920 [warning] [Decorations] CAPPING events from decorations provider vscode.git 9972
2024-09-11 13:02:21.149 [warning] [Decorations] CAPPING events from decorations provider vscode.git 9972
2024-09-11 13:02:26.378 [warning] [Decorations] CAPPING events from decorations provider vscode.git 9972
2024-09-11 13:02:31.609 [warning] [Decorations] CAPPING events from decorations provider vscode.git 9972
2024-09-11 13:02:36.815 [warning] [Decorations] CAPPING events from decorations provider vscode.git 9972
2024-09-11 13:02:42.041 [warning] [Decorations] CAPPING events from decorations provider vscode.git 9972
2024-09-11 13:02:47.244 [warning] [Decorations] CAPPING events from decorations provider vscode.git 9972
2024-09-11 13:02:52.475 [warning] [Decorations] CAPPING events from decorations provider vscode.git 9972
2024-09-11 13:02:57.682 [warning] [Decorations] CAPPING events from decorations provider vscode.git 9972
2024-09-11 13:03:02.905 [warning] [Decorations] CAPPING events from decorations provider vscode.git 9972
2024-09-11 13:03:08.139 [warning] [Decorations] CAPPING events from decorations provider vscode.git 9972
2024-09-11 13:03:13.366 [warning] [Decorations] CAPPING events from decorations provider vscode.git 9972
2024-09-11 13:03:18.593 [warning] [Decorations] CAPPING events from decorations provider vscode.git 9972
2024-09-11 13:03:23.818 [warning] [Decorations] CAPPING events from decorations provider vscode.git 9972
2024-09-11 13:03:29.036 [warning] [Decorations] CAPPING events from decorations provider vscode.git 9972
2024-09-11 13:03:34.245 [warning] [Decorations] CAPPING events from decorations provider vscode.git 9972
2024-09-11 13:03:41.278 [warning] [Decorations] CAPPING events from decorations provider vscode.git 9972
2024-09-11 13:04:15.601 [warning] [Decorations] CAPPING events from decorations provider vscode.git 9972
2024-09-11 13:04:20.805 [warning] [Decorations] CAPPING events from decorations provider vscode.git 9972
2024-09-11 13:04:26.032 [warning] [Decorations] CAPPING events from decorations provider vscode.git 9972
2024-09-11 13:04:31.253 [warning] [Decorations] CAPPING events from decorations provider vscode.git 9972
2024-09-11 13:04:36.505 [warning] [Decorations] CAPPING events from decorations provider vscode.git 9972
2024-09-11 13:04:41.721 [warning] [Decorations] CAPPING events from decorations provider vscode.git 9972
2024-09-11 13:04:46.951 [warning] [Decorations] CAPPING events from decorations provider vscode.git 9972
2024-09-11 13:04:52.178 [warning] [Decorations] CAPPING events from decorations provider vscode.git 9972
2024-09-11 13:04:57.412 [warning] [Decorations] CAPPING events from decorations provider vscode.git 9972
2024-09-11 13:05:02.641 [warning] [Decorations] CAPPING events from decorations provider vscode.git 9972
2024-09-11 13:05:07.859 [warning] [Decorations] CAPPING events from decorations provider vscode.git 9972
2024-09-11 13:05:13.093 [warning] [Decorations] CAPPING events from decorations provider vscode.git 9972
2024-09-11 13:05:18.319 [warning] [Decorations] CAPPING events from decorations provider vscode.git 9972
2024-09-11 13:05:23.534 [warning] [Decorations] CAPPING events from decorations provider vscode.git 9972
2024-09-11 13:05:28.759 [warning] [Decorations] CAPPING events from decorations provider vscode.git 9972
2024-09-11 13:05:33.976 [warning] [Decorations] CAPPING events from decorations provider vscode.git 9972
2024-09-11 13:05:39.211 [warning] [Decorations] CAPPING events from decorations provider vscode.git 9972
2024-09-11 13:05:44.435 [warning] [Decorations] CAPPING events from decorations provider vscode.git 9972
2024-09-11 13:05:49.674 [warning] [Decorations] CAPPING events from decorations provider vscode.git 9972
2024-09-11 13:05:54.903 [warning] [Decorations] CAPPING events from decorations provider vscode.git 9972
2024-09-11 13:06:00.131 [warning] [Decorations] CAPPING events from decorations provider vscode.git 9972
2024-09-11 13:06:05.359 [warning] [Decorations] CAPPING events from decorations provider vscode.git 9972
2024-09-11 13:06:10.580 [warning] [Decorations] CAPPING events from decorations provider vscode.git 9972
2024-09-11 13:06:15.807 [warning] [Decorations] CAPPING events from decorations provider vscode.git 9972
2024-09-11 13:06:21.031 [warning] [Decorations] CAPPING events from decorations provider vscode.git 9972
2024-09-11 13:06:26.263 [warning] [Decorations] CAPPING events from decorations provider vscode.git 9972
2024-09-11 13:06:31.496 [warning] [Decorations] CAPPING events from decorations provider vscode.git 9972
2024-09-11 13:06:36.721 [warning] [Decorations] CAPPING events from decorations provider vscode.git 9972
2024-09-11 13:06:41.949 [warning] [Decorations] CAPPING events from decorations provider vscode.git 9972
2024-09-11 13:06:47.173 [warning] [Decorations] CAPPING events from decorations provider vscode.git 9972
2024-09-11 13:06:52.401 [warning] [Decorations] CAPPING events from decorations provider vscode.git 9972
2024-09-11 13:06:57.632 [warning] [Decorations] CAPPING events from decorations provider vscode.git 9972
2024-09-11 13:07:02.855 [warning] [Decorations] CAPPING events from decorations provider vscode.git 9972
2024-09-11 13:07:08.072 [warning] [Decorations] CAPPING events from decorations provider vscode.git 9972
2024-09-11 13:07:13.296 [warning] [Decorations] CAPPING events from decorations provider vscode.git 9972
2024-09-11 13:07:18.519 [warning] [Decorations] CAPPING events from decorations provider vscode.git 9972
2024-09-11 13:07:23.747 [warning] [Decorations] CAPPING events from decorations provider vscode.git 9972
2024-09-11 13:08:43.171 [warning] [Decorations] CAPPING events from decorations provider vscode.git 9973
2024-09-11 13:10:38.278 [warning] [Decorations] CAPPING events from decorations provider vscode.git 9973
2024-09-11 13:11:35.974 [warning] [Decorations] CAPPING events from decorations provider vscode.git 9973
2024-09-11 13:11:41.200 [warning] [Decorations] CAPPING events from decorations provider vscode.git 9972
2024-09-11 13:11:46.419 [warning] [Decorations] CAPPING events from decorations provider vscode.git 9972
2024-09-11 13:11:51.637 [warning] [Decorations] CAPPING events from decorations provider vscode.git 9973
2024-09-11 13:11:56.858 [warning] [Decorations] CAPPING events from decorations provider vscode.git 9973
2024-09-11 13:12:02.069 [warning] [Decorations] CAPPING events from decorations provider vscode.git 9974
2024-09-11 13:12:07.296 [warning] [Decorations] CAPPING events from decorations provider vscode.git 9973
2024-09-11 13:12:12.517 [warning] [Decorations] CAPPING events from decorations provider vscode.git 9973
2024-09-11 13:12:17.729 [warning] [Decorations] CAPPING events from decorations provider vscode.git 9973
2024-09-11 13:12:22.946 [warning] [Decorations] CAPPING events from decorations provider vscode.git 9973
2024-09-11 13:12:28.162 [warning] [Decorations] CAPPING events from decorations provider vscode.git 9973
2024-09-11 13:12:33.377 [warning] [Decorations] CAPPING events from decorations provider vscode.git 9973
2024-09-11 13:12:38.606 [warning] [Decorations] CAPPING events from decorations provider vscode.git 9973
2024-09-11 13:12:43.827 [warning] [Decorations] CAPPING events from decorations provider vscode.git 9973
2024-09-11 13:12:49.044 [warning] [Decorations] CAPPING events from decorations provider vscode.git 9973
2024-09-11 13:12:54.278 [warning] [Decorations] CAPPING events from decorations provider vscode.git 9973
2024-09-11 13:12:59.514 [warning] [Decorations] CAPPING events from decorations provider vscode.git 9973
2024-09-11 13:13:04.739 [warning] [Decorations] CAPPING events from decorations provider vscode.git 9973
2024-09-11 13:13:09.967 [warning] [Decorations] CAPPING events from decorations provider vscode.git 9973
2024-09-11 13:13:15.187 [warning] [Decorations] CAPPING events from decorations provider vscode.git 9973
2024-09-11 13:13:20.418 [warning] [Decorations] CAPPING events from decorations provider vscode.git 9973
2024-09-11 13:13:25.654 [warning] [Decorations] CAPPING events from decorations provider vscode.git 9973
2024-09-11 13:13:30.875 [warning] [Decorations] CAPPING events from decorations provider vscode.git 9974
2024-09-11 13:13:36.095 [warning] [Decorations] CAPPING events from decorations provider vscode.git 9974
2024-09-11 13:13:41.319 [warning] [Decorations] CAPPING events from decorations provider vscode.git 9975
2024-09-11 13:13:46.543 [warning] [Decorations] CAPPING events from decorations provider vscode.git 9975
2024-09-11 13:13:51.774 [warning] [Decorations] CAPPING events from decorations provider vscode.git 9975
2024-09-11 13:13:57.005 [warning] [Decorations] CAPPING events from decorations provider vscode.git 9976
2024-09-11 13:14:02.226 [warning] [Decorations] CAPPING events from decorations provider vscode.git 9976
2024-09-11 13:14:07.464 [warning] [Decorations] CAPPING events from decorations provider vscode.git 9977
2024-09-11 13:14:12.699 [warning] [Decorations] CAPPING events from decorations provider vscode.git 9977
2024-09-11 13:14:17.928 [warning] [Decorations] CAPPING events from decorations provider vscode.git 9977
2024-09-11 13:14:23.146 [warning] [Decorations] CAPPING events from decorations provider vscode.git 9977
2024-09-11 13:14:28.410 [warning] [Decorations] CAPPING events from decorations provider vscode.git 9978
2024-09-11 13:14:33.645 [warning] [Decorations] CAPPING events from decorations provider vscode.git 9978
2024-09-11 13:14:38.883 [warning] [Decorations] CAPPING events from decorations provider vscode.git 9979
2024-09-11 13:14:44.099 [warning] [Decorations] CAPPING events from decorations provider vscode.git 9979
2024-09-11 13:14:49.320 [warning] [Decorations] CAPPING events from decorations provider vscode.git 9980
2024-09-11 13:14:54.548 [warning] [Decorations] CAPPING events from decorations provider vscode.git 9980
2024-09-11 13:14:59.783 [warning] [Decorations] CAPPING events from decorations provider vscode.git 9981
2024-09-11 13:15:05.000 [warning] [Decorations] CAPPING events from decorations provider vscode.git 9982
2024-09-11 13:15:10.220 [warning] [Decorations] CAPPING events from decorations provider vscode.git 9982
2024-09-11 13:15:15.445 [warning] [Decorations] CAPPING events from decorations provider vscode.git 9982
2024-09-11 13:15:20.675 [warning] [Decorations] CAPPING events from decorations provider vscode.git 9983
2024-09-11 13:15:25.909 [warning] [Decorations] CAPPING events from decorations provider vscode.git 9983
2024-09-11 13:15:31.139 [warning] [Decorations] CAPPING events from decorations provider vscode.git 9984
2024-09-11 13:15:36.366 [warning] [Decorations] CAPPING events from decorations provider vscode.git 9984
2024-09-11 13:15:41.592 [warning] [Decorations] CAPPING events from decorations provider vscode.git 9984
2024-09-11 13:15:46.805 [warning] [Decorations] CAPPING events from decorations provider vscode.git 9986
2024-09-11 13:16:06.730 [warning] [Decorations] CAPPING events from decorations provider vscode.git 9986
2024-09-11 13:16:11.961 [warning] [Decorations] CAPPING events from decorations provider vscode.git 9986
2024-09-11 13:16:17.195 [warning] [Decorations] CAPPING events from decorations provider vscode.git 9986
2024-09-11 13:16:22.425 [warning] [Decorations] CAPPING events from decorations provider vscode.git 9986
2024-09-11 13:16:27.660 [warning] [Decorations] CAPPING events from decorations provider vscode.git 9986
2024-09-11 13:16:32.887 [warning] [Decorations] CAPPING events from decorations provider vscode.git 9986
2024-09-11 13:16:38.103 [warning] [Decorations] CAPPING events from decorations provider vscode.git 9987
2024-09-11 13:16:43.342 [warning] [Decorations] CAPPING events from decorations provider vscode.git 9988
2024-09-11 13:16:53.553 [warning] [Decorations] CAPPING events from decorations provider vscode.git 9988
2024-09-11 13:16:58.770 [warning] [Decorations] CAPPING events from decorations provider vscode.git 9988
2024-09-11 13:17:03.993 [warning] [Decorations] CAPPING events from decorations provider vscode.git 9988
2024-09-11 13:17:09.226 [warning] [Decorations] CAPPING events from decorations provider vscode.git 9988
2024-09-11 13:17:14.459 [warning] [Decorations] CAPPING events from decorations provider vscode.git 9988
2024-09-11 13:17:19.686 [warning] [Decorations] CAPPING events from decorations provider vscode.git 9988
2024-09-11 13:17:24.914 [warning] [Decorations] CAPPING events from decorations provider vscode.git 9988
2024-09-11 13:17:30.146 [warning] [Decorations] CAPPING events from decorations provider vscode.git 9988
2024-09-11 13:17:35.374 [warning] [Decorations] CAPPING events from decorations provider vscode.git 9988
2024-09-11 13:17:40.576 [warning] [Decorations] CAPPING events from decorations provider vscode.git 9988
2024-09-11 13:17:45.798 [warning] [Decorations] CAPPING events from decorations provider vscode.git 9988
2024-09-11 13:17:51.026 [warning] [Decorations] CAPPING events from decorations provider vscode.git 9988
2024-09-11 13:17:56.250 [warning] [Decorations] CAPPING events from decorations provider vscode.git 9988
2024-09-11 13:18:01.474 [warning] [Decorations] CAPPING events from decorations provider vscode.git 9988
2024-09-11 13:18:06.703 [warning] [Decorations] CAPPING events from decorations provider vscode.git 9988
2024-09-11 13:18:11.931 [warning] [Decorations] CAPPING events from decorations provider vscode.git 9988
2024-09-11 13:18:17.144 [warning] [Decorations] CAPPING events from decorations provider vscode.git 9988
2024-09-11 13:18:22.373 [warning] [Decorations] CAPPING events from decorations provider vscode.git 9988
2024-09-11 13:18:27.599 [warning] [Decorations] CAPPING events from decorations provider vscode.git 9988
2024-09-11 13:18:32.852 [warning] [Decorations] CAPPING events from decorations provider vscode.git 9988
2024-09-11 13:18:38.085 [warning] [Decorations] CAPPING events from decorations provider vscode.git 9988
2024-09-11 13:18:43.317 [warning] [Decorations] CAPPING events from decorations provider vscode.git 9988
2024-09-11 13:18:48.537 [warning] [Decorations] CAPPING events from decorations provider vscode.git 9988
2024-09-11 13:18:53.752 [warning] [Decorations] CAPPING events from decorations provider vscode.git 9988
2024-09-11 13:19:17.486 [warning] [Decorations] CAPPING events from decorations provider vscode.git 9988
2024-09-11 13:19:22.724 [warning] [Decorations] CAPPING events from decorations provider vscode.git 9988
2024-09-11 13:19:27.961 [warning] [Decorations] CAPPING events from decorations provider vscode.git 9988
2024-09-11 13:19:33.180 [warning] [Decorations] CAPPING events from decorations provider vscode.git 9988
2024-09-11 13:19:38.415 [warning] [Decorations] CAPPING events from decorations provider vscode.git 9989
2024-09-11 13:19:43.652 [warning] [Decorations] CAPPING events from decorations provider vscode.git 9989
2024-09-11 13:19:48.893 [warning] [Decorations] CAPPING events from decorations provider vscode.git 9989
2024-09-11 13:19:54.130 [warning] [Decorations] CAPPING events from decorations provider vscode.git 9990
2024-09-11 13:19:59.363 [warning] [Decorations] CAPPING events from decorations provider vscode.git 9991
2024-09-11 13:20:04.595 [warning] [Decorations] CAPPING events from decorations provider vscode.git 9991
2024-09-11 13:20:09.829 [warning] [Decorations] CAPPING events from decorations provider vscode.git 9990
2024-09-11 13:20:15.057 [warning] [Decorations] CAPPING events from decorations provider vscode.git 9991
2024-09-11 13:20:20.283 [warning] [Decorations] CAPPING events from decorations provider vscode.git 9992
2024-09-11 13:20:25.522 [warning] [Decorations] CAPPING events from decorations provider vscode.git 9992
2024-09-11 13:20:30.737 [warning] [Decorations] CAPPING events from decorations provider vscode.git 9992
2024-09-11 13:20:35.990 [warning] [Decorations] CAPPING events from decorations provider vscode.git 9992
2024-09-11 13:20:51.076 [warning] [Decorations] CAPPING events from decorations provider vscode.git 9996
2024-09-11 13:20:56.308 [warning] [Decorations] CAPPING events from decorations provider vscode.git 9997
2024-09-11 13:21:01.541 [warning] [Decorations] CAPPING events from decorations provider vscode.git 9998
2024-09-11 13:21:06.768 [warning] [Decorations] CAPPING events from decorations provider vscode.git 9998
2024-09-11 13:21:12.000 [warning] [Decorations] CAPPING events from decorations provider vscode.git 9998
2024-09-11 13:21:17.235 [warning] [Decorations] CAPPING events from decorations provider vscode.git 9998
2024-09-11 13:21:22.442 [warning] [Decorations] CAPPING events from decorations provider vscode.git 9999
2024-09-11 13:21:27.663 [warning] [Decorations] CAPPING events from decorations provider vscode.git 9998
2024-09-11 13:21:32.901 [warning] [Decorations] CAPPING events from decorations provider vscode.git 9999
2024-09-11 13:21:38.128 [warning] [Decorations] CAPPING events from decorations provider vscode.git 9999
2024-09-11 13:21:43.369 [warning] [Decorations] CAPPING events from decorations provider vscode.git 10000
2024-09-11 13:21:48.594 [warning] [Decorations] CAPPING events from decorations provider vscode.git 9999
2024-09-11 13:21:53.818 [warning] [Decorations] CAPPING events from decorations provider vscode.git 9999
2024-09-11 13:21:59.051 [warning] [Decorations] CAPPING events from decorations provider vscode.git 9999
2024-09-11 13:22:04.279 [warning] [Decorations] CAPPING events from decorations provider vscode.git 9999
2024-09-11 13:22:09.503 [warning] [Decorations] CAPPING events from decorations provider vscode.git 9999
2024-09-11 13:22:14.721 [warning] [Decorations] CAPPING events from decorations provider vscode.git 9999
2024-09-11 13:22:19.943 [warning] [Decorations] CAPPING events from decorations provider vscode.git 9999
2024-09-11 13:22:25.175 [warning] [Decorations] CAPPING events from decorations provider vscode.git 9999
2024-09-11 13:22:30.401 [warning] [Decorations] CAPPING events from decorations provider vscode.git 9999
2024-09-11 13:22:35.643 [warning] [Decorations] CAPPING events from decorations provider vscode.git 9999
2024-09-11 13:22:40.875 [warning] [Decorations] CAPPING events from decorations provider vscode.git 9999
2024-09-11 13:22:46.633 [warning] [Decorations] CAPPING events from decorations provider vscode.git 10000
2024-09-11 19:40:36.615 [info] Extension host terminating: renderer closed the MessagePort
2024-09-11 19:40:36.699 [error] An error occurred when disposing the subscriptions for extension 'bmewburn.vscode-intelephense-client':
2024-09-11 19:40:36.699 [error] TypeError: Cannot read private member #e from an object whose class did not declare it
	at Object.dispose (/usr/share/code/resources/app/out/vs/workbench/api/node/extensionHostProcess.js:159:4249)
	at $ (/usr/share/code/resources/app/out/vs/workbench/api/node/extensionHostProcess.js:30:744)
	at /usr/share/code/resources/app/out/vs/workbench/api/node/extensionHostProcess.js:167:13607
	at /usr/share/code/resources/app/out/vs/workbench/api/node/extensionHostProcess.js:30:1112
	at Object.dispose (/usr/share/code/resources/app/out/vs/workbench/api/node/extensionHostProcess.js:11:11463)
	at m.eb (/usr/share/code/resources/app/out/vs/workbench/api/node/extensionHostProcess.js:167:10282)
	at /usr/share/code/resources/app/out/vs/workbench/api/node/extensionHostProcess.js:167:8153
	at Array.map (<anonymous>)
	at m.$ (/usr/share/code/resources/app/out/vs/workbench/api/node/extensionHostProcess.js:167:8140)
	at m.terminate (/usr/share/code/resources/app/out/vs/workbench/api/node/extensionHostProcess.js:167:8413)
	at $.terminate (/usr/share/code/resources/app/out/vs/workbench/api/node/extensionHostProcess.js:171:1513)
	at n (/usr/share/code/resources/app/out/vs/workbench/api/node/extensionHostProcess.js:184:10613)
	at MessagePortMain.<anonymous> (/usr/share/code/resources/app/out/vs/workbench/api/node/extensionHostProcess.js:184:6805)
	at MessagePortMain.emit (node:events:519:28)
	at MessagePortMain._internalPort.emit (node:electron/js2c/utility_init:2:2619)
2024-09-11 19:40:36.704 [error] Canceled: Canceled
	at new D (/usr/share/code/resources/app/out/vs/workbench/api/node/extensionHostProcess.js:151:35235)
	at y.U (/usr/share/code/resources/app/out/vs/workbench/api/node/extensionHostProcess.js:158:6005)
	at V.<computed>.F.charCodeAt.A.CharCode.DollarSign.V.<computed> (/usr/share/code/resources/app/out/vs/workbench/api/node/extensionHostProcess.js:158:3107)
	at h.g (/usr/share/code/resources/app/out/vs/workbench/api/node/extensionHostProcess.js:161:210015)
	at h.executeCommand (/usr/share/code/resources/app/out/vs/workbench/api/node/extensionHostProcess.js:161:209453)
	at C.registerCommand.description (/usr/share/code/resources/app/out/vs/workbench/api/node/extensionHostProcess.js:161:208777)
	at h (/usr/share/code/resources/app/out/vs/workbench/api/node/extensionHostProcess.js:161:210554)
	at h.g (/usr/share/code/resources/app/out/vs/workbench/api/node/extensionHostProcess.js:161:209546)
	at h.executeCommand (/usr/share/code/resources/app/out/vs/workbench/api/node/extensionHostProcess.js:161:209453)
	at Object.executeCommand (/usr/share/code/resources/app/out/vs/workbench/api/node/extensionHostProcess.js:171:30683)
	at i.O [as value] (/usr/share/code/resources/app/extensions/git/dist/main.js:2:952009)
	at r.B (/usr/share/code/resources/app/out/vs/workbench/api/node/extensionHostProcess.js:90:732)
	at r.C (/usr/share/code/resources/app/out/vs/workbench/api/node/extensionHostProcess.js:90:802)
	at r.fire (/usr/share/code/resources/app/out/vs/workbench/api/node/extensionHostProcess.js:90:1018)
	at Object.p [as dispose] (/usr/share/code/resources/app/extensions/git/dist/main.js:2:972587)
	at /usr/share/code/resources/app/extensions/git/dist/main.js:2:978709
	at Array.forEach (<anonymous>)
	at f.dispose (/usr/share/code/resources/app/extensions/git/dist/main.js:2:978695)
	at o.<anonymous> (/usr/share/code/resources/app/out/vs/workbench/api/node/extensionHostProcess.js:159:4176)
	at o.dispose (/usr/share/code/resources/app/out/vs/workbench/api/node/extensionHostProcess.js:159:4273)
	at o.<anonymous> (/usr/share/code/resources/app/extensions/git/dist/main.js:2:954307)
	at o.dispose (/usr/share/code/resources/app/out/vs/workbench/api/node/extensionHostProcess.js:159:4273)
	at $ (/usr/share/code/resources/app/out/vs/workbench/api/node/extensionHostProcess.js:30:744)
	at /usr/share/code/resources/app/out/vs/workbench/api/node/extensionHostProcess.js:167:13607
	at /usr/share/code/resources/app/out/vs/workbench/api/node/extensionHostProcess.js:30:1112
	at Object.dispose (/usr/share/code/resources/app/out/vs/workbench/api/node/extensionHostProcess.js:11:11463)
	at m.eb (/usr/share/code/resources/app/out/vs/workbench/api/node/extensionHostProcess.js:167:10282)
	at /usr/share/code/resources/app/out/vs/workbench/api/node/extensionHostProcess.js:167:8153
	at Array.map (<anonymous>)
	at m.$ (/usr/share/code/resources/app/out/vs/workbench/api/node/extensionHostProcess.js:167:8140)
	at m.terminate (/usr/share/code/resources/app/out/vs/workbench/api/node/extensionHostProcess.js:167:8413)
	at $.terminate (/usr/share/code/resources/app/out/vs/workbench/api/node/extensionHostProcess.js:171:1513)
	at n (/usr/share/code/resources/app/out/vs/workbench/api/node/extensionHostProcess.js:184:10613)
	at MessagePortMain.<anonymous> (/usr/share/code/resources/app/out/vs/workbench/api/node/extensionHostProcess.js:184:6805)
	at MessagePortMain.emit (node:events:519:28)
	at MessagePortMain._internalPort.emit (node:electron/js2c/utility_init:2:2619) setContext undefined
2024-09-11 19:40:36.706 [error] Canceled: Canceled
	at new D (/usr/share/code/resources/app/out/vs/workbench/api/node/extensionHostProcess.js:151:35235)
	at y.U (/usr/share/code/resources/app/out/vs/workbench/api/node/extensionHostProcess.js:158:6005)
	at V.<computed>.F.charCodeAt.A.CharCode.DollarSign.V.<computed> (/usr/share/code/resources/app/out/vs/workbench/api/node/extensionHostProcess.js:158:3107)
	at h.g (/usr/share/code/resources/app/out/vs/workbench/api/node/extensionHostProcess.js:161:210015)
	at h.executeCommand (/usr/share/code/resources/app/out/vs/workbench/api/node/extensionHostProcess.js:161:209453)
	at C.registerCommand.description (/usr/share/code/resources/app/out/vs/workbench/api/node/extensionHostProcess.js:161:208777)
	at h (/usr/share/code/resources/app/out/vs/workbench/api/node/extensionHostProcess.js:161:210554)
	at h.g (/usr/share/code/resources/app/out/vs/workbench/api/node/extensionHostProcess.js:161:209546)
	at h.executeCommand (/usr/share/code/resources/app/out/vs/workbench/api/node/extensionHostProcess.js:161:209453)
	at Object.executeCommand (/usr/share/code/resources/app/out/vs/workbench/api/node/extensionHostProcess.js:171:30683)
	at set hasGitHubRepositories (/usr/share/code/resources/app/extensions/github/dist/extension.js:2:322969)
	at /usr/share/code/resources/app/extensions/github/dist/extension.js:2:323928
	at i.value (/usr/share/code/resources/app/extensions/git/dist/main.js:2:1060944)
	at r.B (/usr/share/code/resources/app/out/vs/workbench/api/node/extensionHostProcess.js:90:732)
	at r.C (/usr/share/code/resources/app/out/vs/workbench/api/node/extensionHostProcess.js:90:802)
	at r.fire (/usr/share/code/resources/app/out/vs/workbench/api/node/extensionHostProcess.js:90:1018)
	at Object.p [as dispose] (/usr/share/code/resources/app/extensions/git/dist/main.js:2:972587)
	at /usr/share/code/resources/app/extensions/git/dist/main.js:2:978709
	at Array.forEach (<anonymous>)
	at f.dispose (/usr/share/code/resources/app/extensions/git/dist/main.js:2:978695)
	at o.<anonymous> (/usr/share/code/resources/app/out/vs/workbench/api/node/extensionHostProcess.js:159:4176)
	at o.dispose (/usr/share/code/resources/app/out/vs/workbench/api/node/extensionHostProcess.js:159:4273)
	at o.<anonymous> (/usr/share/code/resources/app/extensions/git/dist/main.js:2:954307)
	at o.dispose (/usr/share/code/resources/app/out/vs/workbench/api/node/extensionHostProcess.js:159:4273)
	at $ (/usr/share/code/resources/app/out/vs/workbench/api/node/extensionHostProcess.js:30:744)
	at /usr/share/code/resources/app/out/vs/workbench/api/node/extensionHostProcess.js:167:13607
	at /usr/share/code/resources/app/out/vs/workbench/api/node/extensionHostProcess.js:30:1112
	at Object.dispose (/usr/share/code/resources/app/out/vs/workbench/api/node/extensionHostProcess.js:11:11463)
	at m.eb (/usr/share/code/resources/app/out/vs/workbench/api/node/extensionHostProcess.js:167:10282)
	at /usr/share/code/resources/app/out/vs/workbench/api/node/extensionHostProcess.js:167:8153
	at Array.map (<anonymous>)
	at m.$ (/usr/share/code/resources/app/out/vs/workbench/api/node/extensionHostProcess.js:167:8140)
	at m.terminate (/usr/share/code/resources/app/out/vs/workbench/api/node/extensionHostProcess.js:167:8413)
	at $.terminate (/usr/share/code/resources/app/out/vs/workbench/api/node/extensionHostProcess.js:171:1513)
	at n (/usr/share/code/resources/app/out/vs/workbench/api/node/extensionHostProcess.js:184:10613)
	at MessagePortMain.<anonymous> (/usr/share/code/resources/app/out/vs/workbench/api/node/extensionHostProcess.js:184:6805)
	at MessagePortMain.emit (node:events:519:28)
	at MessagePortMain._internalPort.emit (node:electron/js2c/utility_init:2:2619) setContext undefined
2024-09-11 19:40:36.730 [info] Extension host with pid 151001 exiting with code 0
