2024-09-11 11:41:46.524 [info] Added views:workbench.panel.markers.view in workbench.panel.markers
2024-09-11 11:41:46.524 [info] Added views:workbench.panel.output in workbench.panel.output
2024-09-11 11:41:46.524 [info] Added views:terminal in terminal
2024-09-11 11:41:46.524 [info] Added views:outline in workbench.view.explorer
2024-09-11 11:41:46.524 [info] Added views:workbench.scm in workbench.view.scm
2024-09-11 11:41:46.524 [info] Added views:workbench.view.search in workbench.view.search
2024-09-11 11:41:46.524 [info] Added views:timeline in workbench.view.explorer
2024-09-11 11:41:46.524 [info] Added views:workbench.explorer.emptyView in workbench.view.explorer
2024-09-11 11:41:47.094 [info] Added views:workbench.debug.variablesView,workbench.debug.watchExpressionsView,workbench.debug.callStackView,workbench.debug.breakPointsView in workbench.view.debug
2024-09-11 11:41:47.389 [info] Added views:workbench.panel.repl.view in workbench.panel.repl
2024-09-11 11:41:47.391 [info] Removed views:workbench.debug.breakPointsView,workbench.debug.callStackView,workbench.debug.watchExpressionsView,workbench.debug.variablesView from workbench.view.debug
2024-09-11 11:41:47.391 [info] Added views:workbench.debug.welcome in workbench.view.debug
2024-09-11 11:41:47.589 [info] Added views:~remote.forwardedPorts in ~remote.forwardedPortsContainer
2024-09-11 11:41:55.473 [info] Added views:workbench.panel.markers.view in workbench.panel.markers
2024-09-11 11:41:55.473 [info] Added views:workbench.panel.output in workbench.panel.output
2024-09-11 11:41:55.473 [info] Added views:terminal in terminal
2024-09-11 11:41:55.473 [info] Added views:outline in workbench.view.explorer
2024-09-11 11:41:55.473 [info] Added views:workbench.scm in workbench.view.scm
2024-09-11 11:41:55.473 [info] Added views:workbench.view.search in workbench.view.search
2024-09-11 11:41:55.473 [info] Added views:timeline in workbench.view.explorer
2024-09-11 11:41:55.473 [info] Added views:workbench.explorer.fileView in workbench.view.explorer
2024-09-11 11:41:56.227 [info] Added views:workbench.debug.variablesView,workbench.debug.watchExpressionsView,workbench.debug.callStackView,workbench.debug.breakPointsView in workbench.view.debug
2024-09-11 11:41:56.252 [info] Added views:workbench.panel.repl.view in workbench.panel.repl
2024-09-11 11:41:56.253 [info] Removed views:workbench.debug.breakPointsView,workbench.debug.callStackView,workbench.debug.watchExpressionsView,workbench.debug.variablesView from workbench.view.debug
2024-09-11 11:41:56.254 [info] Added views:workbench.debug.welcome in workbench.view.debug
2024-09-11 11:41:56.575 [info] Added views:~remote.forwardedPorts in ~remote.forwardedPortsContainer
2024-09-11 11:41:59.862 [info] Added views:workbench.scm.history in workbench.view.scm
2024-09-11 19:40:36.645 [info] Removed views:workbench.scm.history from workbench.view.scm
